2023-06-07 08:56:14 +0000  Initial pipeline context: <IDEDistributionProcessingPipelineContext: 0x7faa2c61c050; archive(resolved)="<IDEArchive: 0x600001db7660>", distributionTask(resolved)="2", distributionDestination(resolved)="1", distributionMethod(resolved)="<IDEDistributionMethodDevelopmentSigned: 0x600007490240>", team(resolved)="<IDEProvisioningDisambiguatableBasicTeam: 0x6000028b4fc0; teamID='KZ59F464CP', teamName='Fintech Saudi (SAU)', teamType='Company', username='devops@devbeans.io', isFreeProvisioningTeam='0'>">
	Chain (14, self inclusive):
	<IDEDistributionProcessingPipelineContext: 0x7faa2c61c050; archive = "<IDEArchive: 0x600001db7660>", distributionMethod="<IDEDistributionMethodDevelopmentSigned: 0x600007490240>", team="<IDEProvisioningDisambiguatableBasicTeam: 0x6000028b4fc0; teamID='KZ59F464CP', teamName='Fintech Saudi (SAU)', teamType='Company', username='devops@devbeans.io', isFreeProvisioningTeam='0'>">
	<IDEDistributionProcessingPipelineContext: 0x7faa4fb11cb0; archive = "<IDEArchive: 0x600001db7660>", distributionMethod="<IDEDistributionMethodDevelopmentSigned: 0x600007490240>", team="<IDEProvisioningDisambiguatableBasicTeam: 0x6000028b4fc0; teamID='KZ59F464CP', teamName='Fintech Saudi (SAU)', teamType='Company', username='devops@devbeans.io', isFreeProvisioningTeam='0'>">
	<IDEDistributionContext: 0x7faa2ca120e0; archive = "<IDEArchive: 0x600001db7660>", distributionMethod="<IDEDistributionMethodDevelopmentSigned: 0x600007490240>", team="<IDEProvisioningDisambiguatableBasicTeam: 0x6000028b4fc0; teamID='KZ59F464CP', teamName='Fintech Saudi (SAU)', teamType='Company', username='devops@devbeans.io', isFreeProvisioningTeam='0'>">
	<IDEDistributionContext: 0x7faa4fafb9d0; archive = "<IDEArchive: 0x600001db7660>", distributionMethod="<IDEDistributionMethodDevelopmentSigned: 0x600007490240>", team="<IDEProvisioningDisambiguatableBasicTeam: 0x6000028b4fc0; teamID='KZ59F464CP', teamName='Fintech Saudi (SAU)', teamType='Company', username='devops@devbeans.io', isFreeProvisioningTeam='0'>">
	<IDEDistributionContext: 0x7faa2b95a4f0; archive = "<IDEArchive: 0x600001db7660>", distributionMethod="<IDEDistributionMethodDevelopmentSigned: 0x600007490240>", team="<IDEProvisioningDisambiguatableBasicTeam: 0x6000028b4fc0; teamID='KZ59F464CP', teamName='Fintech Saudi (SAU)', teamType='Company', username='devops@devbeans.io', isFreeProvisioningTeam='0'>">
	<IDEDistributionContext: 0x7faa2b9560e0; archive = "<IDEArchive: 0x600001db7660>", distributionMethod="<IDEDistributionMethodDevelopmentSigned: 0x600007490240>", team="<IDEProvisioningDisambiguatableBasicTeam: 0x6000028b4fc0; teamID='KZ59F464CP', teamName='Fintech Saudi (SAU)', teamType='Company', username='devops@devbeans.io', isFreeProvisioningTeam='0'>">
	<IDEDistributionContext: 0x7faa2b28a6a0; archive = "<IDEArchive: 0x600001db7660>", distributionMethod="<IDEDistributionMethodDevelopmentSigned: 0x600007490240>", team="<IDEProvisioningDisambiguatableBasicTeam: 0x6000028b4fc0; teamID='KZ59F464CP', teamName='Fintech Saudi (SAU)', teamType='Company', username='devops@devbeans.io', isFreeProvisioningTeam='0'>">
	<IDEDistributionContext: 0x7faa2b144250; archive = "<IDEArchive: 0x600001db7660>", distributionMethod="<IDEDistributionMethodDevelopmentSigned: 0x600007490240>", team="<IDEProvisioningDisambiguatableBasicTeam: 0x6000028b4fc0; teamID='KZ59F464CP', teamName='Fintech Saudi (SAU)', teamType='Company', username='devops@devbeans.io', isFreeProvisioningTeam='0'>">
	<IDEDistributionContext: 0x7faa2cd08c70; archive = "<IDEArchive: 0x600001db7660>", distributionMethod="<IDEDistributionMethodDevelopmentSigned: 0x600007490240>", team="<IDEProvisioningDisambiguatableBasicTeam: 0x6000028b4fc0; teamID='KZ59F464CP', teamName='Fintech Saudi (SAU)', teamType='Company', username='devops@devbeans.io', isFreeProvisioningTeam='0'>">
	<IDEDistributionContext: 0x7faa2ca29360; archive = "<IDEArchive: 0x600001db7660>", distributionMethod="<IDEDistributionMethodDevelopmentSigned: 0x600007490240>", team="(null)">
	<IDEDistributionContext: 0x7faa2cc99850; archive = "<IDEArchive: 0x600001db7660>", distributionMethod="<IDEDistributionMethodDevelopmentSigned: 0x600007490240>", team="(null)">
	<IDEDistributionContext: 0x7faa2b95a2f0; archive = "<IDEArchive: 0x600001db7660>", distributionMethod="<IDEDistributionMethodDevelopmentSigned: 0x600007490240>", team="(null)">
	<IDEDistributionContext: 0x7faa2ca22680; archive = "<IDEArchive: 0x600001db7660>", distributionMethod="<IDEDistributionMethodDevelopmentSigned: 0x600007490240>", team="(null)">
	<IDEDistributionContext: 0x7faa4e871fb0; archive = "<IDEArchive: 0x600001db7660>", distributionMethod="(null)", team="(null)">
</IDEDistributionProcessingPipelineContext: 0x7faa2c61c050>
2023-06-07 08:56:14 +0000  Processing step: IDEDistributionCreateDestRootStep
2023-06-07 08:56:14 +0000  Processing step: IDEDistributionCopyItemStep
2023-06-07 08:56:14 +0000  Running /usr/bin/ditto '-V' '/Users/hf/Library/Developer/Xcode/Archives/2023-06-07/FintechHub 07-06-2023, 1.54 PM.xcarchive/Products/Applications/FintechHub.app' '/var/folders/cg/tvd_166j0_bfnwwk2kv0vfgc0000gn/T/XcodeDistPipeline.~~~J0an1u/Root/Payload/FintechHub.app'
2023-06-07 08:56:14 +0000  >>> Copying /Users/hf/Library/Developer/Xcode/Archives/2023-06-07/FintechHub 07-06-2023, 1.54 PM.xcarchive/Products/Applications/FintechHub.app 
2023-06-07 08:56:14 +0000  copying file ./_CodeSignature/CodeResources ... 
2023-06-07 08:56:14 +0000  16800 bytes for ./_CodeSignature/CodeResources
2023-06-07 08:56:14 +0000  copying file ./Fontisto.ttf ... 
2023-06-07 08:56:14 +0000  313528 bytes for ./Fontisto.ttf
copying file ./Octicons.ttf ... 
2023-06-07 08:56:14 +0000  49404 bytes for ./Octicons.ttf
copying file ./Feather.ttf ... 
2023-06-07 08:56:14 +0000  56228 bytes for ./Feather.ttf
2023-06-07 08:56:14 +0000  copying file ./Montserrat-Medium.ttf ... 
2023-06-07 08:56:14 +0000  243180 bytes for ./Montserrat-Medium.ttf
copying file ./Entypo.ttf ... 
2023-06-07 08:56:14 +0000  66200 bytes for ./Entypo.ttf
copying file ./FontAwesome5_Brands.ttf ... 
2023-06-07 08:56:14 +0000  134040 bytes for ./FontAwesome5_Brands.ttf
2023-06-07 08:56:14 +0000  copying file ./MaterialCommunityIcons.ttf ... 
2023-06-07 08:56:14 +0000  1147844 bytes for ./MaterialCommunityIcons.ttf
2023-06-07 08:56:14 +0000  copying file ./Montserrat-Light.ttf ... 
2023-06-07 08:56:14 +0000  242068 bytes for ./Montserrat-Light.ttf
2023-06-07 08:56:14 +0000  copying file ./AntDesign.ttf ... 
2023-06-07 08:56:14 +0000  70344 bytes for ./AntDesign.ttf
2023-06-07 08:56:14 +0000  copying file ./Foundation.ttf ... 
2023-06-07 08:56:14 +0000  56976 bytes for ./Foundation.ttf
2023-06-07 08:56:14 +0000  copying file ./Montserrat-Bold.ttf ... 
2023-06-07 08:56:14 +0000  244468 bytes for ./Montserrat-Bold.ttf
2023-06-07 08:56:14 +0000  copying file ./Ionicons.ttf ... 
2023-06-07 08:56:14 +0000  247192 bytes for ./Ionicons.ttf
2023-06-07 08:56:14 +0000  copying file ./FontAwesome5_Solid.ttf ... 
2023-06-07 08:56:14 +0000  202744 bytes for ./FontAwesome5_Solid.ttf
2023-06-07 08:56:14 +0000  copying file ./FontAwesome5_Regular.ttf ... 
2023-06-07 08:56:14 +0000  33736 bytes for ./FontAwesome5_Regular.ttf
2023-06-07 08:56:14 +0000  copying file ./AccessibilityResources.bundle/en.lproj/Localizable.strings ... 
2023-06-07 08:56:14 +0000  518 bytes for ./AccessibilityResources.bundle/en.lproj/Localizable.strings
2023-06-07 08:56:14 +0000  copying file ./AccessibilityResources.bundle/Info.plist ... 
2023-06-07 08:56:14 +0000  791 bytes for ./AccessibilityResources.bundle/Info.plist
2023-06-07 08:56:14 +0000  copying file ./GoogleService-Info.plist ... 
2023-06-07 08:56:14 +0000  460 bytes for ./GoogleService-Info.plist
copying file ./FontAwesome.ttf ... 
2023-06-07 08:56:14 +0000  165548 bytes for ./FontAwesome.ttf
2023-06-07 08:56:14 +0000  copying file ./Zocial.ttf ... 
2023-06-07 08:56:14 +0000  25788 bytes for ./Zocial.ttf
copying file ./FintechHub ... 
2023-06-07 08:56:14 +0000  8080752 bytes for ./FintechHub
copying file ./Assets.car ... 
2023-06-07 08:56:14 +0000  141631 bytes for ./Assets.car
copying file ./Montserrat-SemiBold.ttf ... 
2023-06-07 08:56:14 +0000  243816 bytes for ./Montserrat-SemiBold.ttf
2023-06-07 08:56:14 +0000  copying file ./EvilIcons.ttf ... 
2023-06-07 08:56:14 +0000  13456 bytes for ./EvilIcons.ttf
copying file ./main.jsbundle ... 
2023-06-07 08:56:14 +0000  5778725 bytes for ./main.jsbundle
2023-06-07 08:56:14 +0000  copying file ./LaunchScreen.storyboardc/01J-lp-oVM-view-Ze5-6b-2t3.nib ... 
4039 bytes for ./LaunchScreen.storyboardc/01J-lp-oVM-view-Ze5-6b-2t3.nib
copying file ./LaunchScreen.storyboardc/UIViewController-01J-lp-oVM.nib ... 
2023-06-07 08:56:14 +0000  896 bytes for ./LaunchScreen.storyboardc/UIViewController-01J-lp-oVM.nib
copying file ./LaunchScreen.storyboardc/Info.plist ... 
2023-06-07 08:56:14 +0000  258 bytes for ./LaunchScreen.storyboardc/Info.plist
2023-06-07 08:56:14 +0000  copying file ./Montserrat-Regular.ttf ... 
2023-06-07 08:56:14 +0000  245708 bytes for ./Montserrat-Regular.ttf
2023-06-07 08:56:14 +0000  copying file ./SimpleLineIcons.ttf ... 
2023-06-07 08:56:14 +0000  54056 bytes for ./SimpleLineIcons.ttf
copying file ./embedded.mobileprovision ... 
2023-06-07 08:56:14 +0000  14426 bytes for ./embedded.mobileprovision
2023-06-07 08:56:14 +0000  copying file ./assets/node_modules/@react-navigation/elements/src/assets/back-icon@3x.png ... 
2023-06-07 08:56:14 +0000  761 bytes for ./assets/node_modules/@react-navigation/elements/src/assets/back-icon@3x.png
copying file ./assets/node_modules/@react-navigation/elements/src/assets/back-icon@2x.png ... 
2023-06-07 08:56:14 +0000  405 bytes for ./assets/node_modules/@react-navigation/elements/src/assets/back-icon@2x.png
copying file ./assets/node_modules/@react-navigation/elements/src/assets/back-icon.png ... 
2023-06-07 08:56:14 +0000  290 bytes for ./assets/node_modules/@react-navigation/elements/src/assets/back-icon.png
2023-06-07 08:56:14 +0000  copying file ./assets/node_modules/@react-navigation/elements/src/assets/back-icon-mask.png ... 
2023-06-07 08:56:14 +0000  913 bytes for ./assets/node_modules/@react-navigation/elements/src/assets/back-icon-mask.png
2023-06-07 08:56:14 +0000  copying file ./assets/node_modules/react-native-paper/src/assets/back-chevron.png ... 
2023-06-07 08:56:14 +0000  489 bytes for ./assets/node_modules/react-native-paper/src/assets/back-chevron.png
2023-06-07 08:56:14 +0000  copying file ./assets/node_modules/react-native-calendars/src/calendar/img/previous@2x.png ... 
2023-06-07 08:56:14 +0000  458 bytes for ./assets/node_modules/react-native-calendars/src/calendar/img/previous@2x.png
2023-06-07 08:56:14 +0000  copying file ./assets/node_modules/react-native-calendars/src/calendar/img/next@2x.png ... 
2023-06-07 08:56:14 +0000  462 bytes for ./assets/node_modules/react-native-calendars/src/calendar/img/next@2x.png
2023-06-07 08:56:14 +0000  copying file ./assets/node_modules/react-native-calendars/src/img/down@3x.png ... 
2023-06-07 08:56:14 +0000  508 bytes for ./assets/node_modules/react-native-calendars/src/img/down@3x.png
copying file ./assets/node_modules/react-native-calendars/src/img/down@2x.png ... 
2023-06-07 08:56:14 +0000  354 bytes for ./assets/node_modules/react-native-calendars/src/img/down@2x.png
2023-06-07 08:56:14 +0000  copying file ./assets/node_modules/react-native-calendars/src/img/up.png ... 
2023-06-07 08:56:14 +0000  215 bytes for ./assets/node_modules/react-native-calendars/src/img/up.png
copying file ./assets/node_modules/react-native-calendars/src/img/down.png ... 
2023-06-07 08:56:14 +0000  208 bytes for ./assets/node_modules/react-native-calendars/src/img/down.png
copying file ./assets/node_modules/react-native-calendars/src/img/up@2x.png ... 
2023-06-07 08:56:14 +0000  347 bytes for ./assets/node_modules/react-native-calendars/src/img/up@2x.png
2023-06-07 08:56:14 +0000  copying file ./assets/node_modules/react-native-calendars/src/img/up@3x.png ... 
2023-06-07 08:56:14 +0000  504 bytes for ./assets/node_modules/react-native-calendars/src/img/up@3x.png
2023-06-07 08:56:14 +0000  copying file ./assets/src/assets/images/requestsentscreenimage.png ... 
2023-06-07 08:56:14 +0000  141496 bytes for ./assets/src/assets/images/requestsentscreenimage.png
copying file ./assets/src/assets/images/tour.png ... 
2023-06-07 08:56:14 +0000  45981 bytes for ./assets/src/assets/images/tour.png
2023-06-07 08:56:14 +0000  copying file ./assets/src/assets/images/privateOffice1.png ... 
2023-06-07 08:56:14 +0000  81184 bytes for ./assets/src/assets/images/privateOffice1.png
2023-06-07 08:56:14 +0000  copying file ./assets/src/assets/images/dedicatedDesk.png ... 
2023-06-07 08:56:14 +0000  82892 bytes for ./assets/src/assets/images/dedicatedDesk.png
2023-06-07 08:56:14 +0000  copying file ./assets/src/assets/images/DayPass.png ... 
2023-06-07 08:56:14 +0000  77367 bytes for ./assets/src/assets/images/DayPass.png
copying file ./assets/src/assets/images/splashgif.gif ... 
2023-06-07 08:56:14 +0000  27314 bytes for ./assets/src/assets/images/splashgif.gif
2023-06-07 08:56:14 +0000  copying file ./assets/src/assets/images/polygon.png ... 
2023-06-07 08:56:14 +0000  1241 bytes for ./assets/src/assets/images/polygon.png
copying file ./assets/src/assets/images/meetingflow.png ... 
2023-06-07 08:56:14 +0000  128093 bytes for ./assets/src/assets/images/meetingflow.png
copying file ./assets/src/assets/images/fintechLogo.png ... 
2023-06-07 08:56:14 +0000  21308 bytes for ./assets/src/assets/images/fintechLogo.png
2023-06-07 08:56:14 +0000  copying file ./assets/src/assets/images/NoImagePlaceHolders.png ... 
2023-06-07 08:56:14 +0000  1759 bytes for ./assets/src/assets/images/NoImagePlaceHolders.png
copying file ./assets/src/assets/images/hybrid.png ... 
2023-06-07 08:56:14 +0000  66989 bytes for ./assets/src/assets/images/hybrid.png
copying file ./assets/src/assets/images/DefaultPlaceholder.png ... 
2023-06-07 08:56:14 +0000  5937 bytes for ./assets/src/assets/images/DefaultPlaceholder.png
2023-06-07 08:56:14 +0000  copying file ./assets/src/assets/images/image_bottom_2.png ... 
2023-06-07 08:56:14 +0000  330315 bytes for ./assets/src/assets/images/image_bottom_2.png
copying file ./assets/src/assets/images/Frame.png ... 
2023-06-07 08:56:14 +0000  17706 bytes for ./assets/src/assets/images/Frame.png
2023-06-07 08:56:14 +0000  copying file ./Info.plist ... 
2023-06-07 08:56:14 +0000  3937 bytes for ./Info.plist
copying file ./PkgInfo ... 
2023-06-07 08:56:14 +0000  8 bytes for ./PkgInfo
copying file ./MaterialIcons.ttf ... 
2023-06-07 08:56:14 +0000  230384 bytes for ./MaterialIcons.ttf
2023-06-07 08:56:14 +0000  /usr/bin/ditto exited with 0
2023-06-07 08:56:14 +0000  Processing step: IDEDistributionEmbedProfileStep
2023-06-07 08:56:14 +0000  Processing step: IDEDistributionInfoPlistStep
2023-06-07 08:56:14 +0000  Skipping step: IDEDistributionInfoPlistStep because it said so
2023-06-07 08:56:14 +0000  Processing step: IDEDistributionAppThinningPlistStep
2023-06-07 08:56:14 +0000  Skipping step: IDEDistributionAppThinningPlistStep because it said so
2023-06-07 08:56:14 +0000  Processing step: IDEDistributionCompileBitcodeStep
2023-06-07 08:56:14 +0000  Skipping step: IDEDistributionCompileBitcodeStep because it said so
2023-06-07 08:56:14 +0000  Processing step: IDEDistributionCodeSlimmingStep
2023-06-07 08:56:14 +0000  Processing step: IDEDistributionCopyBCSymbolMapsStep
2023-06-07 08:56:14 +0000  Skipping step: IDEDistributionCopyBCSymbolMapsStep because it said so
2023-06-07 08:56:14 +0000  Processing step: IDEDistributionSymbolsStep
2023-06-07 08:56:14 +0000  Skipping step: IDEDistributionSymbolsStep because it said so
2023-06-07 08:56:14 +0000  Processing step: IDEDistributionAppThinningStep
2023-06-07 08:56:14 +0000  Skipping step: IDEDistributionAppThinningStep because it said so
2023-06-07 08:56:14 +0000  Processing step: IDEDistributionArchThinningStep
2023-06-07 08:56:14 +0000  Running /Applications/Xcode.app/Contents/Developer/Toolchains/XcodeDefault.xctoolchain/usr/bin/lipo '/var/folders/cg/tvd_166j0_bfnwwk2kv0vfgc0000gn/T/XcodeDistPipeline.~~~J0an1u/Root/Payload/FintechHub.app/FintechHub' '-verify_arch' 'arm64e'
2023-06-07 08:56:14 +0000  /Applications/Xcode.app/Contents/Developer/Toolchains/XcodeDefault.xctoolchain/usr/bin/lipo exited with 1
2023-06-07 08:56:14 +0000  Skipping architecture thinning for item "FintechHub" because arch "arm64e" wasn't found
2023-06-07 08:56:14 +0000  Processing step: IDEDistributionODRStep
2023-06-07 08:56:14 +0000  Processing step: IDEDistributionStripXattrsStep
2023-06-07 08:56:14 +0000  Running /usr/bin/xattr '-crs' '/var/folders/cg/tvd_166j0_bfnwwk2kv0vfgc0000gn/T/XcodeDistPipeline.~~~J0an1u/Root/Payload/FintechHub.app'
2023-06-07 08:56:14 +0000  /usr/bin/xattr exited with 0
2023-06-07 08:56:14 +0000  Processing step: IDEDistributionCodesignStep
2023-06-07 08:56:14 +0000  Entitlements for <IDEDistributionItem: 0x600001deb540; bundleID='com.fintechhub', path='<DVTFilePath:0x600021f46df0:'/Users/hf/Library/Developer/Xcode/Archives/2023-06-07/FintechHub 07-06-2023, 1.54 PM.xcarchive/Products/Applications/FintechHub.app'>', codeSigningInfo='<_DVTCodeSigningInformation_Path: 0x60003575f480; isSigned='1', isAdHocSigned='0', signingCertificate='<DVTSigningCertificate: 0x60000805b700; name='Apple Development: DevOps Team (29NHMHG2MS)', hash='226F8FAD763F8C75D77BFF6E0A3E9C33378617BD', serialNumber='724C735ED0D9C044158B63EE3552C06C', certificateKinds='(
    "1.2.840.113635.100.6.1.12",
    "1.2.840.113635.100.6.1.2"
), issueDate='2023-05-18 13:15:22 +0000''>', entitlements='{
    "application-identifier" = "KZ59F464CP.com.fintechhub";
    "aps-environment" = development;
    "com.apple.developer.team-identifier" = KZ59F464CP;
    "get-task-allow" = 1;
    "keychain-access-groups" =     (
        "KZ59F464CP.com.fintechhub"
    );
}', teamID='KZ59F464CP', identifier='com.fintechhub', executablePath='<DVTFilePath:0x600049c21880:'/Users/hf/Library/Developer/Xcode/Archives/2023-06-07/FintechHub 07-06-2023, 1.54 PM.xcarchive/Products/Applications/FintechHub.app/FintechHub'>', hardenedRuntime='0'>'>: {
    "application-identifier" = "KZ59F464CP.com.fintechhub";
    "aps-environment" = development;
    "com.apple.developer.team-identifier" = KZ59F464CP;
    "get-task-allow" = 1;
    "keychain-access-groups" =     (
        "KZ59F464CP.com.fintechhub"
    );
}
2023-06-07 08:56:14 +0000  Entitlements for <IDEDistributionItem: 0x600001deb540; bundleID='com.fintechhub', path='<DVTFilePath:0x600021f46df0:'/Users/hf/Library/Developer/Xcode/Archives/2023-06-07/FintechHub 07-06-2023, 1.54 PM.xcarchive/Products/Applications/FintechHub.app'>', codeSigningInfo='<_DVTCodeSigningInformation_Path: 0x60003575f480; isSigned='1', isAdHocSigned='0', signingCertificate='<DVTSigningCertificate: 0x6000080594a0; name='Apple Development: DevOps Team (29NHMHG2MS)', hash='226F8FAD763F8C75D77BFF6E0A3E9C33378617BD', serialNumber='724C735ED0D9C044158B63EE3552C06C', certificateKinds='(
    "1.2.840.113635.100.6.1.12",
    "1.2.840.113635.100.6.1.2"
), issueDate='2023-05-18 13:15:22 +0000''>', entitlements='{
    "application-identifier" = "KZ59F464CP.com.fintechhub";
    "aps-environment" = development;
    "com.apple.developer.team-identifier" = KZ59F464CP;
    "get-task-allow" = 1;
    "keychain-access-groups" =     (
        "KZ59F464CP.com.fintechhub"
    );
}', teamID='KZ59F464CP', identifier='com.fintechhub', executablePath='<DVTFilePath:0x600049c21880:'/Users/hf/Library/Developer/Xcode/Archives/2023-06-07/FintechHub 07-06-2023, 1.54 PM.xcarchive/Products/Applications/FintechHub.app/FintechHub'>', hardenedRuntime='0'>'> are: {
    "application-identifier" = "KZ59F464CP.com.fintechhub";
    "aps-environment" = development;
    "com.apple.developer.team-identifier" = KZ59F464CP;
    "get-task-allow" = 1;
    "keychain-access-groups" =     (
        "KZ59F464CP.com.fintechhub"
    );
}
2023-06-07 08:56:14 +0000  Writing entitlements for <IDEDistributionItem: 0x600001deb540; bundleID='com.fintechhub', path='<DVTFilePath:0x600021f46df0:'/Users/hf/Library/Developer/Xcode/Archives/2023-06-07/FintechHub 07-06-2023, 1.54 PM.xcarchive/Products/Applications/FintechHub.app'>', codeSigningInfo='<_DVTCodeSigningInformation_Path: 0x60003575f480; isSigned='1', isAdHocSigned='0', signingCertificate='<DVTSigningCertificate: 0x600008058f20; name='Apple Development: DevOps Team (29NHMHG2MS)', hash='226F8FAD763F8C75D77BFF6E0A3E9C33378617BD', serialNumber='724C735ED0D9C044158B63EE3552C06C', certificateKinds='(
    "1.2.840.113635.100.6.1.12",
    "1.2.840.113635.100.6.1.2"
), issueDate='2023-05-18 13:15:22 +0000''>', entitlements='{
    "application-identifier" = "KZ59F464CP.com.fintechhub";
    "aps-environment" = development;
    "com.apple.developer.team-identifier" = KZ59F464CP;
    "get-task-allow" = 1;
    "keychain-access-groups" =     (
        "KZ59F464CP.com.fintechhub"
    );
}', teamID='KZ59F464CP', identifier='com.fintechhub', executablePath='<DVTFilePath:0x600049c21880:'/Users/hf/Library/Developer/Xcode/Archives/2023-06-07/FintechHub 07-06-2023, 1.54 PM.xcarchive/Products/Applications/FintechHub.app/FintechHub'>', hardenedRuntime='0'>'> to: /var/folders/cg/tvd_166j0_bfnwwk2kv0vfgc0000gn/T/XcodeDistPipeline.~~~J0an1u/entitlements~~~aWXdFP
2023-06-07 08:56:14 +0000  Running /usr/bin/codesign '-vvv' '--force' '--sign' '226F8FAD763F8C75D77BFF6E0A3E9C33378617BD' '--entitlements' '/var/folders/cg/tvd_166j0_bfnwwk2kv0vfgc0000gn/T/XcodeDistPipeline.~~~J0an1u/entitlements~~~aWXdFP' '--generate-entitlement-der' '--preserve-metadata=identifier,flags,runtime' '/var/folders/cg/tvd_166j0_bfnwwk2kv0vfgc0000gn/T/XcodeDistPipeline.~~~J0an1u/Root/Payload/FintechHub.app'
2023-06-07 08:56:14 +0000  /var/folders/cg/tvd_166j0_bfnwwk2kv0vfgc0000gn/T/XcodeDistPipeline.~~~J0an1u/Root/Payload/FintechHub.app: replacing existing signature
2023-06-07 08:56:20 +0000  /var/folders/cg/tvd_166j0_bfnwwk2kv0vfgc0000gn/T/XcodeDistPipeline.~~~J0an1u/Root/Payload/FintechHub.app: signed app bundle with Mach-O thin (arm64) [com.fintechhub]
2023-06-07 08:56:20 +0000  /usr/bin/codesign exited with 0
2023-06-07 08:56:20 +0000  Processing step: IDEDistributionZipODRItemStep
2023-06-07 08:56:20 +0000  Skipping step: IDEDistributionZipODRItemStep because it said so
2023-06-07 08:56:20 +0000  Processing step: IDEDistributionCreateIPAStep
2023-06-07 08:56:20 +0000  Running /usr/bin/ditto '-V' '-c' '-k' '--norsrc' '/var/folders/cg/tvd_166j0_bfnwwk2kv0vfgc0000gn/T/XcodeDistPipeline.~~~J0an1u/Root' '/var/folders/cg/tvd_166j0_bfnwwk2kv0vfgc0000gn/T/XcodeDistPipeline.~~~J0an1u/Packages/FintechHub.ipa'
2023-06-07 08:56:20 +0000  >>> Copying /var/folders/cg/tvd_166j0_bfnwwk2kv0vfgc0000gn/T/XcodeDistPipeline.~~~J0an1u/Root 
2023-06-07 08:56:20 +0000  copying file ./Payload/FintechHub.app/_CodeSignature/CodeResources ... 
2023-06-07 08:56:20 +0000  16800 bytes for ./Payload/FintechHub.app/_CodeSignature/CodeResources
2023-06-07 08:56:20 +0000  copying file ./Payload/FintechHub.app/Fontisto.ttf ... 
2023-06-07 08:56:20 +0000  313528 bytes for ./Payload/FintechHub.app/Fontisto.ttf
copying file ./Payload/FintechHub.app/Octicons.ttf ... 
2023-06-07 08:56:20 +0000  49404 bytes for ./Payload/FintechHub.app/Octicons.ttf
2023-06-07 08:56:20 +0000  copying file ./Payload/FintechHub.app/Feather.ttf ... 
2023-06-07 08:56:20 +0000  56228 bytes for ./Payload/FintechHub.app/Feather.ttf
2023-06-07 08:56:20 +0000  copying file ./Payload/FintechHub.app/Montserrat-Medium.ttf ... 
2023-06-07 08:56:20 +0000  243180 bytes for ./Payload/FintechHub.app/Montserrat-Medium.ttf
copying file ./Payload/FintechHub.app/Entypo.ttf ... 
2023-06-07 08:56:20 +0000  66200 bytes for ./Payload/FintechHub.app/Entypo.ttf
copying file ./Payload/FintechHub.app/FontAwesome5_Brands.ttf ... 
2023-06-07 08:56:20 +0000  134040 bytes for ./Payload/FintechHub.app/FontAwesome5_Brands.ttf
2023-06-07 08:56:20 +0000  copying file ./Payload/FintechHub.app/MaterialCommunityIcons.ttf ... 
2023-06-07 08:56:20 +0000  1147844 bytes for ./Payload/FintechHub.app/MaterialCommunityIcons.ttf
2023-06-07 08:56:20 +0000  copying file ./Payload/FintechHub.app/Montserrat-Light.ttf ... 
2023-06-07 08:56:20 +0000  242068 bytes for ./Payload/FintechHub.app/Montserrat-Light.ttf
2023-06-07 08:56:20 +0000  copying file ./Payload/FintechHub.app/AntDesign.ttf ... 
2023-06-07 08:56:20 +0000  70344 bytes for ./Payload/FintechHub.app/AntDesign.ttf
copying file ./Payload/FintechHub.app/Foundation.ttf ... 
2023-06-07 08:56:20 +0000  56976 bytes for ./Payload/FintechHub.app/Foundation.ttf
copying file ./Payload/FintechHub.app/Montserrat-Bold.ttf ... 
2023-06-07 08:56:20 +0000  244468 bytes for ./Payload/FintechHub.app/Montserrat-Bold.ttf
2023-06-07 08:56:20 +0000  copying file ./Payload/FintechHub.app/Ionicons.ttf ... 
2023-06-07 08:56:20 +0000  247192 bytes for ./Payload/FintechHub.app/Ionicons.ttf
copying file ./Payload/FintechHub.app/FontAwesome5_Solid.ttf ... 
2023-06-07 08:56:20 +0000  202744 bytes for ./Payload/FintechHub.app/FontAwesome5_Solid.ttf
copying file ./Payload/FintechHub.app/FontAwesome5_Regular.ttf ... 
2023-06-07 08:56:20 +0000  33736 bytes for ./Payload/FintechHub.app/FontAwesome5_Regular.ttf
2023-06-07 08:56:20 +0000  copying file ./Payload/FintechHub.app/AccessibilityResources.bundle/en.lproj/Localizable.strings ... 
2023-06-07 08:56:20 +0000  518 bytes for ./Payload/FintechHub.app/AccessibilityResources.bundle/en.lproj/Localizable.strings
copying file ./Payload/FintechHub.app/AccessibilityResources.bundle/Info.plist ... 
2023-06-07 08:56:20 +0000  791 bytes for ./Payload/FintechHub.app/AccessibilityResources.bundle/Info.plist
2023-06-07 08:56:20 +0000  copying file ./Payload/FintechHub.app/GoogleService-Info.plist ... 
2023-06-07 08:56:20 +0000  460 bytes for ./Payload/FintechHub.app/GoogleService-Info.plist
copying file ./Payload/FintechHub.app/FontAwesome.ttf ... 
2023-06-07 08:56:20 +0000  165548 bytes for ./Payload/FintechHub.app/FontAwesome.ttf
copying file ./Payload/FintechHub.app/Zocial.ttf ... 
2023-06-07 08:56:20 +0000  25788 bytes for ./Payload/FintechHub.app/Zocial.ttf
copying file ./Payload/FintechHub.app/FintechHub ... 
2023-06-07 08:56:21 +0000  8080752 bytes for ./Payload/FintechHub.app/FintechHub
copying file ./Payload/FintechHub.app/Assets.car ... 
2023-06-07 08:56:21 +0000  141631 bytes for ./Payload/FintechHub.app/Assets.car
copying file ./Payload/FintechHub.app/Montserrat-SemiBold.ttf ... 
2023-06-07 08:56:21 +0000  243816 bytes for ./Payload/FintechHub.app/Montserrat-SemiBold.ttf
2023-06-07 08:56:21 +0000  copying file ./Payload/FintechHub.app/EvilIcons.ttf ... 
2023-06-07 08:56:21 +0000  13456 bytes for ./Payload/FintechHub.app/EvilIcons.ttf
copying file ./Payload/FintechHub.app/main.jsbundle ... 
2023-06-07 08:56:21 +0000  5778725 bytes for ./Payload/FintechHub.app/main.jsbundle
2023-06-07 08:56:21 +0000  copying file ./Payload/FintechHub.app/LaunchScreen.storyboardc/01J-lp-oVM-view-Ze5-6b-2t3.nib ... 
4039 bytes for ./Payload/FintechHub.app/LaunchScreen.storyboardc/01J-lp-oVM-view-Ze5-6b-2t3.nib
copying file ./Payload/FintechHub.app/LaunchScreen.storyboardc/UIViewController-01J-lp-oVM.nib ... 
896 bytes for ./Payload/FintechHub.app/LaunchScreen.storyboardc/UIViewController-01J-lp-oVM.nib
copying file ./Payload/FintechHub.app/LaunchScreen.storyboardc/Info.plist ... 
258 bytes for ./Payload/FintechHub.app/LaunchScreen.storyboardc/Info.plist
copying file ./Payload/FintechHub.app/Montserrat-Regular.ttf ... 
2023-06-07 08:56:21 +0000  245708 bytes for ./Payload/FintechHub.app/Montserrat-Regular.ttf
2023-06-07 08:56:21 +0000  copying file ./Payload/FintechHub.app/SimpleLineIcons.ttf ... 
2023-06-07 08:56:21 +0000  54056 bytes for ./Payload/FintechHub.app/SimpleLineIcons.ttf
copying file ./Payload/FintechHub.app/embedded.mobileprovision ... 
2023-06-07 08:56:21 +0000  20787 bytes for ./Payload/FintechHub.app/embedded.mobileprovision
2023-06-07 08:56:21 +0000  copying file ./Payload/FintechHub.app/assets/node_modules/@react-navigation/elements/src/assets/back-icon@3x.png ... 
2023-06-07 08:56:21 +0000  761 bytes for ./Payload/FintechHub.app/assets/node_modules/@react-navigation/elements/src/assets/back-icon@3x.png
copying file ./Payload/FintechHub.app/assets/node_modules/@react-navigation/elements/src/assets/back-icon@2x.png ... 
2023-06-07 08:56:21 +0000  405 bytes for ./Payload/FintechHub.app/assets/node_modules/@react-navigation/elements/src/assets/back-icon@2x.png
2023-06-07 08:56:21 +0000  copying file ./Payload/FintechHub.app/assets/node_modules/@react-navigation/elements/src/assets/back-icon.png ... 
2023-06-07 08:56:21 +0000  290 bytes for ./Payload/FintechHub.app/assets/node_modules/@react-navigation/elements/src/assets/back-icon.png
copying file ./Payload/FintechHub.app/assets/node_modules/@react-navigation/elements/src/assets/back-icon-mask.png ... 
2023-06-07 08:56:21 +0000  913 bytes for ./Payload/FintechHub.app/assets/node_modules/@react-navigation/elements/src/assets/back-icon-mask.png
2023-06-07 08:56:21 +0000  copying file ./Payload/FintechHub.app/assets/node_modules/react-native-paper/src/assets/back-chevron.png ... 
2023-06-07 08:56:21 +0000  489 bytes for ./Payload/FintechHub.app/assets/node_modules/react-native-paper/src/assets/back-chevron.png
2023-06-07 08:56:21 +0000  copying file ./Payload/FintechHub.app/assets/node_modules/react-native-calendars/src/calendar/img/previous@2x.png ... 
2023-06-07 08:56:21 +0000  458 bytes for ./Payload/FintechHub.app/assets/node_modules/react-native-calendars/src/calendar/img/previous@2x.png
copying file ./Payload/FintechHub.app/assets/node_modules/react-native-calendars/src/calendar/img/next@2x.png ... 
2023-06-07 08:56:21 +0000  462 bytes for ./Payload/FintechHub.app/assets/node_modules/react-native-calendars/src/calendar/img/next@2x.png
2023-06-07 08:56:21 +0000  copying file ./Payload/FintechHub.app/assets/node_modules/react-native-calendars/src/img/down@3x.png ... 
2023-06-07 08:56:21 +0000  508 bytes for ./Payload/FintechHub.app/assets/node_modules/react-native-calendars/src/img/down@3x.png
copying file ./Payload/FintechHub.app/assets/node_modules/react-native-calendars/src/img/down@2x.png ... 
2023-06-07 08:56:21 +0000  354 bytes for ./Payload/FintechHub.app/assets/node_modules/react-native-calendars/src/img/down@2x.png
copying file ./Payload/FintechHub.app/assets/node_modules/react-native-calendars/src/img/up.png ... 
2023-06-07 08:56:21 +0000  215 bytes for ./Payload/FintechHub.app/assets/node_modules/react-native-calendars/src/img/up.png
copying file ./Payload/FintechHub.app/assets/node_modules/react-native-calendars/src/img/down.png ... 
2023-06-07 08:56:21 +0000  208 bytes for ./Payload/FintechHub.app/assets/node_modules/react-native-calendars/src/img/down.png
copying file ./Payload/FintechHub.app/assets/node_modules/react-native-calendars/src/img/up@2x.png ... 
2023-06-07 08:56:21 +0000  347 bytes for ./Payload/FintechHub.app/assets/node_modules/react-native-calendars/src/img/up@2x.png
2023-06-07 08:56:21 +0000  copying file ./Payload/FintechHub.app/assets/node_modules/react-native-calendars/src/img/up@3x.png ... 
2023-06-07 08:56:21 +0000  504 bytes for ./Payload/FintechHub.app/assets/node_modules/react-native-calendars/src/img/up@3x.png
2023-06-07 08:56:21 +0000  copying file ./Payload/FintechHub.app/assets/src/assets/images/requestsentscreenimage.png ... 
2023-06-07 08:56:21 +0000  141496 bytes for ./Payload/FintechHub.app/assets/src/assets/images/requestsentscreenimage.png
2023-06-07 08:56:21 +0000  copying file ./Payload/FintechHub.app/assets/src/assets/images/tour.png ... 
2023-06-07 08:56:21 +0000  45981 bytes for ./Payload/FintechHub.app/assets/src/assets/images/tour.png
2023-06-07 08:56:21 +0000  copying file ./Payload/FintechHub.app/assets/src/assets/images/privateOffice1.png ... 
2023-06-07 08:56:21 +0000  81184 bytes for ./Payload/FintechHub.app/assets/src/assets/images/privateOffice1.png
2023-06-07 08:56:21 +0000  copying file ./Payload/FintechHub.app/assets/src/assets/images/dedicatedDesk.png ... 
2023-06-07 08:56:21 +0000  82892 bytes for ./Payload/FintechHub.app/assets/src/assets/images/dedicatedDesk.png
copying file ./Payload/FintechHub.app/assets/src/assets/images/DayPass.png ... 
2023-06-07 08:56:21 +0000  77367 bytes for ./Payload/FintechHub.app/assets/src/assets/images/DayPass.png
copying file ./Payload/FintechHub.app/assets/src/assets/images/splashgif.gif ... 
2023-06-07 08:56:21 +0000  27314 bytes for ./Payload/FintechHub.app/assets/src/assets/images/splashgif.gif
copying file ./Payload/FintechHub.app/assets/src/assets/images/polygon.png ... 
2023-06-07 08:56:21 +0000  1241 bytes for ./Payload/FintechHub.app/assets/src/assets/images/polygon.png
2023-06-07 08:56:21 +0000  copying file ./Payload/FintechHub.app/assets/src/assets/images/meetingflow.png ... 
2023-06-07 08:56:21 +0000  128093 bytes for ./Payload/FintechHub.app/assets/src/assets/images/meetingflow.png
copying file ./Payload/FintechHub.app/assets/src/assets/images/fintechLogo.png ... 
2023-06-07 08:56:21 +0000  21308 bytes for ./Payload/FintechHub.app/assets/src/assets/images/fintechLogo.png
copying file ./Payload/FintechHub.app/assets/src/assets/images/NoImagePlaceHolders.png ... 
2023-06-07 08:56:21 +0000  1759 bytes for ./Payload/FintechHub.app/assets/src/assets/images/NoImagePlaceHolders.png
2023-06-07 08:56:21 +0000  copying file ./Payload/FintechHub.app/assets/src/assets/images/hybrid.png ... 
2023-06-07 08:56:21 +0000  66989 bytes for ./Payload/FintechHub.app/assets/src/assets/images/hybrid.png
copying file ./Payload/FintechHub.app/assets/src/assets/images/DefaultPlaceholder.png ... 
2023-06-07 08:56:21 +0000  5937 bytes for ./Payload/FintechHub.app/assets/src/assets/images/DefaultPlaceholder.png
copying file ./Payload/FintechHub.app/assets/src/assets/images/image_bottom_2.png ... 
2023-06-07 08:56:21 +0000  330315 bytes for ./Payload/FintechHub.app/assets/src/assets/images/image_bottom_2.png
copying file ./Payload/FintechHub.app/assets/src/assets/images/Frame.png ... 
2023-06-07 08:56:21 +0000  17706 bytes for ./Payload/FintechHub.app/assets/src/assets/images/Frame.png
2023-06-07 08:56:21 +0000  copying file ./Payload/FintechHub.app/Info.plist ... 
2023-06-07 08:56:21 +0000  3937 bytes for ./Payload/FintechHub.app/Info.plist
copying file ./Payload/FintechHub.app/PkgInfo ... 
2023-06-07 08:56:21 +0000  8 bytes for ./Payload/FintechHub.app/PkgInfo
copying file ./Payload/FintechHub.app/MaterialIcons.ttf ... 
2023-06-07 08:56:21 +0000  230384 bytes for ./Payload/FintechHub.app/MaterialIcons.ttf
2023-06-07 08:56:21 +0000  /usr/bin/ditto exited with 0
2023-06-07 08:56:21 +0000  Processing step: IDEDistributionAppStoreInformationStep
2023-06-07 08:56:21 +0000  Skipping step: IDEDistributionAppStoreInformationStep because it said so
2023-06-07 08:56:21 +0000  Processing step: IDEDistributionGenerateProcessedDistributionItems
2023-06-07 08:56:21 +0000  IDEDistributionItem init <DVTFilePath:0x600051f46d10:'/var/folders/cg/tvd_166j0_bfnwwk2kv0vfgc0000gn/T/XcodeDistPipeline.~~~J0an1u/Root/Payload/FintechHub.app'>
2023-06-07 08:56:21 +0000  Processing step: IDEDistributionCreateManifestStep
